c:\code\gshell\gshell\x64\debug\vc143.pdb
c:\code\gshell\gshell\x64\debug\vc143.idb
c:\code\gshell\gshell\x64\debug\user_info.obj
c:\code\gshell\gshell\x64\debug\gsecurity.obj
c:\code\gshell\gshell\x64\debug\text_editor.obj
c:\code\gshell\gshell\x64\debug\json.obj
c:\code\gshell\gshell\x64\debug\globals.obj
c:\code\gshell\gshell\x64\debug\capitalize.obj
c:\code\gshell\gshell\x64\debug\myrandom.obj
c:\code\gshell\gshell\x64\debug\main.obj
c:\code\gshell\gshell\x64\debug\gshell.ilk
c:\code\gshell\x64\debug\gshell.exe
c:\code\gshell\x64\debug\gshell.pdb
c:\code\gshell\gshell\x64\debug\gshell.tlog\cl.command.1.tlog
c:\code\gshell\gshell\x64\debug\gshell.tlog\cl.items.tlog
c:\code\gshell\gshell\x64\debug\gshell.tlog\cl.read.1.tlog
c:\code\gshell\gshell\x64\debug\gshell.tlog\cl.write.1.tlog
c:\code\gshell\gshell\x64\debug\gshell.tlog\link.command.1.tlog
c:\code\gshell\gshell\x64\debug\gshell.tlog\link.read.1.tlog
c:\code\gshell\gshell\x64\debug\gshell.tlog\link.write.1.tlog
