  Main.c
C:\code\GShell\GShell\Main.c(21,9): warning C4047: 'function': 'char *' differs in levels of indirection from 'char (*)[1000]'
C:\code\GShell\GShell\Main.c(21,9): warning C4024: 'fgets': different types for formal and actual parameter 1
  MyRandom.c
  Capitalize.c
C:\code\GShell\GShell\programs\Capitalize.c(11,8): warning C4047: 'function': 'char *' differs in levels of indirection from 'char (*)[1000]'
C:\code\GShell\GShell\programs\Capitalize.c(11,8): warning C4024: 'fgets': different types for formal and actual parameter 1
C:\code\GShell\GShell\programs\Capitalize.c(13,12): warning C4267: 'initializing': conversion from 'size_t' to 'int', possible loss of data
  Globals.c
  Json.c
  Text_Editor.c
C:\code\GShell\GShell\programs\Text_Editor.c(66,8): warning C4047: 'function': 'char *' differs in levels of indirection from 'char (*)[1000]'
C:\code\GShell\GShell\programs\Text_Editor.c(66,8): warning C4024: 'fgets': different types for formal and actual parameter 1
C:\code\GShell\GShell\programs\Text_Editor.c(68,18): warning C4267: 'initializing': conversion from 'size_t' to 'const int', possible loss of data
C:\code\GShell\GShell\programs\Text_Editor.c(109,8): warning C4047: 'function': 'char *' differs in levels of indirection from 'char (*)[1000]'
C:\code\GShell\GShell\programs\Text_Editor.c(109,8): warning C4024: 'fgets': different types for formal and actual parameter 1
C:\code\GShell\GShell\programs\Text_Editor.c(164,9): warning C4047: 'function': 'char *' differs in levels of indirection from 'char (*)[1000]'
C:\code\GShell\GShell\programs\Text_Editor.c(164,9): warning C4024: 'fgets': different types for formal and actual parameter 1
C:\code\GShell\GShell\programs\Text_Editor.c(191,3): warning C4033: 'Create_New_Text_File' must return a value
C:\code\GShell\GShell\programs\Text_Editor.c(200,3): warning C4033: 'Create_New_Text_File' must return a value
C:\code\GShell\GShell\programs\Text_Editor.c(233,12): warning C4047: 'function': 'FILE **' differs in levels of indirection from 'FILE *'
C:\code\GShell\GShell\programs\Text_Editor.c(233,12): warning C4024: 'fopen_s': different types for formal and actual parameter 1
  GSecurity.c
C:\code\GShell\GShell\programs\GSecurity.c(181,8): warning C4047: 'function': 'char *' differs in levels of indirection from 'char (*)[1000]'
C:\code\GShell\GShell\programs\GSecurity.c(181,8): warning C4024: 'fgets': different types for formal and actual parameter 1
C:\code\GShell\GShell\programs\GSecurity.c(225,8): warning C4047: 'function': 'char *' differs in levels of indirection from 'char (*)[1000]'
C:\code\GShell\GShell\programs\GSecurity.c(225,8): warning C4024: 'fgets': different types for formal and actual parameter 1
C:\code\GShell\GShell\programs\GSecurity.c(240,8): warning C4047: 'function': 'char *' differs in levels of indirection from 'char (*)[1000]'
C:\code\GShell\GShell\programs\GSecurity.c(240,8): warning C4024: 'fgets': different types for formal and actual parameter 1
C:\code\GShell\GShell\programs\GSecurity.c(261,8): warning C4047: 'function': 'char *' differs in levels of indirection from 'char (*)[1000]'
C:\code\GShell\GShell\programs\GSecurity.c(261,8): warning C4024: 'fgets': different types for formal and actual parameter 1
C:\code\GShell\GShell\programs\GSecurity.c(276,8): warning C4047: 'function': 'char *' differs in levels of indirection from 'char (*)[1000]'
C:\code\GShell\GShell\programs\GSecurity.c(276,8): warning C4024: 'fgets': different types for formal and actual parameter 1
C:\code\GShell\GShell\programs\GSecurity.c(286,3): warning C4033: 'Check_Username' must return a value
C:\code\GShell\GShell\programs\GSecurity.c(310,8): warning C4047: 'function': 'char *' differs in levels of indirection from 'char (*)[1000]'
C:\code\GShell\GShell\programs\GSecurity.c(310,8): warning C4024: 'fgets': different types for formal and actual parameter 1
C:\code\GShell\GShell\programs\GSecurity.c(320,3): warning C4033: 'Check_Password' must return a value
C:\code\GShell\GShell\programs\GSecurity.c(344,16): warning C4047: '=': 'int' differs in levels of indirection from 'char *const '
C:\code\GShell\GShell\programs\GSecurity.c(352,8): warning C4047: 'function': 'char *' differs in levels of indirection from 'char (*)[1000]'
C:\code\GShell\GShell\programs\GSecurity.c(352,8): warning C4024: 'fgets': different types for formal and actual parameter 1
  User_Info.c
  Generating Code...
C:\code\GShell\GShell\programs\GSecurity.c(338): warning C4715: 'Check_Password': not all control paths return a value
C:\code\GShell\GShell\programs\GSecurity.c(304): warning C4715: 'Check_Username': not all control paths return a value
C:\code\GShell\GShell\programs\Text_Editor.c(210): warning C4715: 'Create_New_Text_File': not all control paths return a value
  GShell.vcxproj -> C:\code\GShell\x64\Debug\GShell.exe
